<?xml version="1.0" encoding="UTF-8"?>
<testng-results skipped="0" failed="0" total="1" passed="1">
  <reporter-output>
  </reporter-output>
  <suite name="Default suite" duration-ms="1561" started-at="2022-03-13T16:05:24Z" finished-at="2022-03-13T16:05:26Z">
    <groups>
    </groups>
    <test name="Default test" duration-ms="1561" started-at="2022-03-13T16:05:24Z" finished-at="2022-03-13T16:05:26Z">
      <class name="Sample.sample123">
        <test-method status="PASS" signature="Postmethodwithpojo1()[pri:0, instance:Sample.sample123@57829d67]" name="Postmethodwithpojo1" duration-ms="1542" started-at="2022-03-13T21:35:24Z" finished-at="2022-03-13T21:35:26Z">
          <reporter-output>
          </reporter-output>
        </test-method> <!-- Postmethodwithpojo1 -->
      </class> <!-- Sample.sample123 -->
    </test> <!-- Default test -->
  </suite> <!-- Default suite -->
</testng-results>
